<?xml version="1.0" encoding="UTF-8"?>
<!-- Generated by org.testng.reporters.JUnitReportReporter -->
<testsuite hostname="INBENKARSELVAN1" failures="0" tests="2" name="com.automation.tests.BookFlight2" time="27.920" errors="0" timestamp="2022-05-31T05:42:37 IST" skipped="0">
  <testcase classname="com.automation.tests.BookFlight2" name="Test_BookFlight_4" time="14.273"/>
  <system-out/>
  <testcase classname="com.automation.tests.BookFlight2" name="Test_BookFlight_3" time="13.647"/>
  <system-out/>
</testsuite> <!-- com.automation.tests.BookFlight2 -->
