<?xml version="1.0" encoding="UTF-8"?>
<!-- Generated by org.testng.reporters.JUnitReportReporter -->
<testsuite hostname="INBENKARSELVAN1" failures="0" tests="2" name="com.automation.tests.BookFlight" time="27.601" errors="0" timestamp="2022-05-31T05:42:37 IST" skipped="0">
  <testcase classname="com.automation.tests.BookFlight" name="Test_BookFlight_2" time="13.820"/>
  <system-out/>
  <testcase classname="com.automation.tests.BookFlight" name="Test_BookFlight_1" time="13.781"/>
  <system-out/>
</testsuite> <!-- com.automation.tests.BookFlight -->
