<?xml version="1.0" encoding="UTF-8"?>
<!-- Generated by org.testng.reporters.JUnitReportReporter -->
<testsuite hostname="INBENKARSELVAN1" failures="0" tests="1" name="com.automation.tests.Test_Loan" time="15.636" errors="0" timestamp="2022-05-27T10:42:07 IST" skipped="0">
  <testcase classname="com.automation.tests.Test_Loan" name="Test_EducationLoanCalculation" time="15.636"/>
  <system-out/>
</testsuite> <!-- com.automation.tests.Test_Loan -->
